<?xml version="1.0" encoding="UTF-8"?>
<!-- Generated by org.testng.reporters.JUnitReportReporter -->
<testsuite hostname="LAPTOP-A8BVRJ77" failures="0" tests="1" name="com.es.non_bdd.GetAllEmployees" time="0.814" errors="0" timestamp="2023-06-05T16:33:24 IST" skipped="0">
  <testcase classname="com.es.non_bdd.GetAllEmployees" name="name" time="0.814"/>
  <system-out/>
</testsuite> <!-- com.es.non_bdd.GetAllEmployees -->
