<?xml version="1.0" encoding="UTF-8"?>
<!-- Generated by org.testng.reporters.JUnitReportReporter -->
<testsuite hostname="LAPTOP-A8BVRJ77" failures="0" tests="1" name="com.ms.non_bdd.UpdateEmployeeDetails" time="0.934" errors="0" timestamp="2025-04-10T06:53:18 IST" skipped="0">
  <testcase classname="com.ms.non_bdd.UpdateEmployeeDetails" name="EmployeesUpdate" time="0.934"/>
  <system-out/>
</testsuite> <!-- com.ms.non_bdd.UpdateEmployeeDetails -->
