<?xml version="1.0" encoding="UTF-8"?>
<!-- Generated by org.testng.reporters.JUnitReportReporter -->
<testsuite hostname="LAPTOP-A8BVRJ77" failures="0" tests="1" name="com.es.non_bdd.Put_UpdateEmployee" time="1.286" errors="0" timestamp="2023-06-06T07:42:47 IST" skipped="0">
  <testcase classname="com.es.non_bdd.Put_UpdateEmployee" name="updateemployee" time="1.286"/>
  <system-out/>
</testsuite> <!-- com.es.non_bdd.Put_UpdateEmployee -->
