<?xml version="1.0" encoding="UTF-8"?>
<!-- Generated by org.testng.reporters.JUnitReportReporter -->
<testsuite hostname="LAPTOP-A8BVRJ77" failures="0" tests="1" name="com.es.non_bdd.Delete_AnEmployee" time="4.781" errors="0" timestamp="2023-06-07T07:45:31 IST" skipped="0">
  <testcase classname="com.es.non_bdd.Delete_AnEmployee" name="deleteemployee" time="4.781"/>
  <system-out/>
</testsuite> <!-- com.es.non_bdd.Delete_AnEmployee -->
