<?xml version="1.0" encoding="UTF-8"?>
<!-- Generated by org.testng.reporters.JUnitReportReporter -->
<testsuite hostname="LAPTOP-A8BVRJ77" failures="0" tests="1" name="com.es.non_bdd.GetAllEmployees" time="1.278" errors="0" timestamp="2025-04-04T06:38:35 IST" skipped="0">
  <testcase classname="com.es.non_bdd.GetAllEmployees" name="name" time="1.278"/>
  <system-out/>
</testsuite> <!-- com.es.non_bdd.GetAllEmployees -->
