<?xml version="1.0" encoding="UTF-8"?>
<!-- Generated by org.testng.reporters.JUnitReportReporter -->
<testsuite hostname="LAPTOP-A8BVRJ77" failures="0" tests="1" name="com.ms.non_bdd.CreateAnEmployee" time="1.957" errors="0" timestamp="2025-04-10T06:39:49 IST" skipped="0">
  <testcase classname="com.ms.non_bdd.CreateAnEmployee" name="CreatingNewEmployeeDetails" time="1.957"/>
  <system-out/>
</testsuite> <!-- com.ms.non_bdd.CreateAnEmployee -->
