<?xml version="1.0" encoding="UTF-8"?>
<!-- Generated by org.testng.reporters.JUnitReportReporter -->
<testsuite hostname="LAPTOP-A8BVRJ77" failures="0" tests="1" name="com.es.non_bdd.GetanEmployee" time="1.318" errors="0" timestamp="2023-06-07T08:03:45 IST" skipped="0">
  <testcase classname="com.es.non_bdd.GetanEmployee" name="GetEmployee" time="1.318"/>
  <system-out/>
</testsuite> <!-- com.es.non_bdd.GetanEmployee -->
